<?xml version="1.0" encoding="UTF-8"?>
<coverage generated="1546376177039" clover="3.2.0">
  <project timestamp="1546376177039" name="All files">
    <metrics statements="122" coveredstatements="19" conditionals="48" coveredconditionals="2" methods="46" coveredmethods="11" elements="216" coveredelements="32" complexity="0" loc="122" ncloc="122" packages="3" files="16" classes="16">
      <package name="src">
        <metrics statements="81" coveredstatements="1" conditionals="42" coveredconditionals="0" methods="23" coveredmethods="0"/>
        <file name="actions.js" path="/Users/levijskal/Desktop/udemy.nosync/the-complete-junior-to-senior-web-developer-roadmap/robofriends/src/actions.js">
          <metrics statements="9" coveredstatements="0" conditionals="0" coveredconditionals="0" methods="6" coveredmethods="0"/>
          <line num="1" count="0" type="stmt"/>
          <line num="8" count="0" type="stmt"/>
          <line num="9" count="0" type="stmt"/>
          <line num="15" count="0" type="stmt"/>
          <line num="16" count="0" type="stmt"/>
          <line num="17" count="0" type="stmt"/>
          <line num="18" count="0" type="stmt"/>
          <line num="19" count="0" type="stmt"/>
          <line num="20" count="0" type="stmt"/>
        </file>
        <file name="constants.js" path="/Users/levijskal/Desktop/udemy.nosync/the-complete-junior-to-senior-web-developer-roadmap/robofriends/src/constants.js">
          <metrics statements="4" coveredstatements="0" conditionals="0" coveredconditionals="0" methods="0" coveredmethods="0"/>
          <line num="1" count="0" type="stmt"/>
          <line num="3" count="0" type="stmt"/>
          <line num="4" count="0" type="stmt"/>
          <line num="5" count="0" type="stmt"/>
        </file>
        <file name="index.js" path="/Users/levijskal/Desktop/udemy.nosync/the-complete-junior-to-senior-web-developer-roadmap/robofriends/src/index.js">
          <metrics statements="15" coveredstatements="0" conditionals="0" coveredconditionals="0" methods="0" coveredmethods="0"/>
          <line num="1" count="0" type="stmt"/>
          <line num="2" count="0" type="stmt"/>
          <line num="3" count="0" type="stmt"/>
          <line num="4" count="0" type="stmt"/>
          <line num="5" count="0" type="stmt"/>
          <line num="6" count="0" type="stmt"/>
          <line num="7" count="0" type="stmt"/>
          <line num="8" count="0" type="stmt"/>
          <line num="9" count="0" type="stmt"/>
          <line num="10" count="0" type="stmt"/>
          <line num="11" count="0" type="stmt"/>
          <line num="13" count="0" type="stmt"/>
          <line num="15" count="0" type="stmt"/>
          <line num="16" count="0" type="stmt"/>
          <line num="31" count="0" type="stmt"/>
        </file>
        <file name="reducers.js" path="/Users/levijskal/Desktop/udemy.nosync/the-complete-junior-to-senior-web-developer-roadmap/robofriends/src/reducers.js">
          <metrics statements="13" coveredstatements="0" conditionals="10" coveredconditionals="0" methods="2" coveredmethods="0"/>
          <line num="1" count="0" type="stmt"/>
          <line num="8" count="0" type="stmt"/>
          <line num="12" count="0" type="stmt"/>
          <line num="18" count="0" type="cond" truecount="0" falsecount="2"/>
          <line num="19" count="0" type="stmt"/>
          <line num="21" count="0" type="stmt"/>
          <line num="23" count="0" type="stmt"/>
          <line num="27" count="0" type="cond" truecount="0" falsecount="2"/>
          <line num="28" count="0" type="stmt"/>
          <line num="30" count="0" type="stmt"/>
          <line num="32" count="0" type="stmt"/>
          <line num="37" count="0" type="stmt"/>
          <line num="42" count="0" type="stmt"/>
        </file>
        <file name="robots.js" path="/Users/levijskal/Desktop/udemy.nosync/the-complete-junior-to-senior-web-developer-roadmap/robofriends/src/robots.js">
          <metrics statements="1" coveredstatements="0" conditionals="0" coveredconditionals="0" methods="0" coveredmethods="0"/>
          <line num="1" count="0" type="stmt"/>
        </file>
        <file name="serviceWorker.js" path="/Users/levijskal/Desktop/udemy.nosync/the-complete-junior-to-senior-web-developer-roadmap/robofriends/src/serviceWorker.js">
          <metrics statements="38" coveredstatements="0" conditionals="32" coveredconditionals="0" methods="15" coveredmethods="0"/>
          <line num="13" count="0" type="stmt"/>
          <line num="24" count="0" type="cond" truecount="0" falsecount="4"/>
          <line num="26" count="0" type="stmt"/>
          <line num="27" count="0" type="cond" truecount="0" falsecount="2"/>
          <line num="31" count="0" type="stmt"/>
          <line num="34" count="0" type="stmt"/>
          <line num="35" count="0" type="stmt"/>
          <line num="37" count="0" type="cond" truecount="0" falsecount="2"/>
          <line num="39" count="0" type="stmt"/>
          <line num="43" count="0" type="stmt"/>
          <line num="44" count="0" type="stmt"/>
          <line num="51" count="0" type="stmt"/>
          <line num="58" count="0" type="stmt"/>
          <line num="61" count="0" type="stmt"/>
          <line num="62" count="0" type="stmt"/>
          <line num="63" count="0" type="cond" truecount="0" falsecount="2"/>
          <line num="64" count="0" type="stmt"/>
          <line num="66" count="0" type="stmt"/>
          <line num="67" count="0" type="cond" truecount="0" falsecount="2"/>
          <line num="68" count="0" type="cond" truecount="0" falsecount="2"/>
          <line num="72" count="0" type="stmt"/>
          <line num="78" count="0" type="cond" truecount="0" falsecount="4"/>
          <line num="79" count="0" type="stmt"/>
          <line num="85" count="0" type="stmt"/>
          <line num="88" count="0" type="cond" truecount="0" falsecount="4"/>
          <line num="89" count="0" type="stmt"/>
          <line num="97" count="0" type="stmt"/>
          <line num="103" count="0" type="stmt"/>
          <line num="106" count="0" type="stmt"/>
          <line num="107" count="0" type="cond" truecount="0" falsecount="2"/>
          <line num="112" count="0" type="stmt"/>
          <line num="113" count="0" type="stmt"/>
          <line num="114" count="0" type="stmt"/>
          <line num="119" count="0" type="stmt"/>
          <line num="123" count="0" type="stmt"/>
          <line num="130" count="0" type="cond" truecount="0" falsecount="2"/>
          <line num="131" count="0" type="stmt"/>
          <line num="132" count="0" type="stmt"/>
        </file>
        <file name="setUptests.js" path="/Users/levijskal/Desktop/udemy.nosync/the-complete-junior-to-senior-web-developer-roadmap/robofriends/src/setUptests.js">
          <metrics statements="1" coveredstatements="1" conditionals="0" coveredconditionals="0" methods="0" coveredmethods="0"/>
          <line num="4" count="4" type="stmt"/>
        </file>
      </package>
      <package name="src.components">
        <metrics statements="29" coveredstatements="18" conditionals="6" coveredconditionals="2" methods="18" coveredmethods="11"/>
        <file name="Card.js" path="/Users/levijskal/Desktop/udemy.nosync/the-complete-junior-to-senior-web-developer-roadmap/robofriends/src/components/Card.js">
          <metrics statements="2" coveredstatements="2" conditionals="0" coveredconditionals="0" methods="1" coveredmethods="1"/>
          <line num="3" count="3" type="stmt"/>
          <line num="4" count="1" type="stmt"/>
        </file>
        <file name="CardList.js" path="/Users/levijskal/Desktop/udemy.nosync/the-complete-junior-to-senior-web-developer-roadmap/robofriends/src/components/CardList.js">
          <metrics statements="3" coveredstatements="3" conditionals="0" coveredconditionals="0" methods="2" coveredmethods="2"/>
          <line num="4" count="2" type="stmt"/>
          <line num="8" count="1" type="stmt"/>
          <line num="11" count="1" type="stmt"/>
        </file>
        <file name="CounterButton.js" path="/Users/levijskal/Desktop/udemy.nosync/the-complete-junior-to-senior-web-developer-roadmap/robofriends/src/components/CounterButton.js">
          <metrics statements="7" coveredstatements="6" conditionals="2" coveredconditionals="1" methods="4" coveredmethods="4"/>
          <line num="5" count="2" type="stmt"/>
          <line num="6" count="2" type="stmt"/>
          <line num="11" count="3" type="cond" truecount="1" falsecount="1"/>
          <line num="12" count="3" type="stmt"/>
          <line num="14" count="0" type="stmt"/>
          <line num="18" count="3" type="stmt"/>
          <line num="21" count="5" type="stmt"/>
        </file>
        <file name="ErrorBoundry.js" path="/Users/levijskal/Desktop/udemy.nosync/the-complete-junior-to-senior-web-developer-roadmap/robofriends/src/components/ErrorBoundry.js">
          <metrics statements="6" coveredstatements="0" conditionals="2" coveredconditionals="0" methods="3" coveredmethods="0"/>
          <line num="6" count="0" type="stmt"/>
          <line num="8" count="0" type="stmt"/>
          <line num="14" count="0" type="stmt"/>
          <line num="20" count="0" type="cond" truecount="0" falsecount="2"/>
          <line num="21" count="0" type="stmt"/>
          <line num="23" count="0" type="stmt"/>
        </file>
        <file name="Header.js" path="/Users/levijskal/Desktop/udemy.nosync/the-complete-junior-to-senior-web-developer-roadmap/robofriends/src/components/Header.js">
          <metrics statements="2" coveredstatements="0" conditionals="0" coveredconditionals="0" methods="2" coveredmethods="0"/>
          <line num="6" count="0" type="stmt"/>
          <line num="9" count="0" type="stmt"/>
        </file>
        <file name="MainPage.js" path="/Users/levijskal/Desktop/udemy.nosync/the-complete-junior-to-senior-web-developer-roadmap/robofriends/src/components/MainPage.js">
          <metrics statements="5" coveredstatements="5" conditionals="2" coveredconditionals="1" methods="4" coveredmethods="4"/>
          <line num="14" count="5" type="stmt"/>
          <line num="18" count="2" type="stmt"/>
          <line num="19" count="2" type="stmt"/>
          <line num="22" count="5" type="stmt"/>
          <line num="24" count="5" type="cond" truecount="1" falsecount="1"/>
        </file>
        <file name="Scroll.js" path="/Users/levijskal/Desktop/udemy.nosync/the-complete-junior-to-senior-web-developer-roadmap/robofriends/src/components/Scroll.js">
          <metrics statements="2" coveredstatements="1" conditionals="0" coveredconditionals="0" methods="1" coveredmethods="0"/>
          <line num="3" count="1" type="stmt"/>
          <line num="4" count="0" type="stmt"/>
        </file>
        <file name="SearchBox.js" path="/Users/levijskal/Desktop/udemy.nosync/the-complete-junior-to-senior-web-developer-roadmap/robofriends/src/components/SearchBox.js">
          <metrics statements="2" coveredstatements="1" conditionals="0" coveredconditionals="0" methods="1" coveredmethods="0"/>
          <line num="3" count="1" type="stmt"/>
          <line num="4" count="0" type="stmt"/>
        </file>
      </package>
      <package name="src.containers">
        <metrics statements="12" coveredstatements="0" conditionals="0" coveredconditionals="0" methods="5" coveredmethods="0"/>
        <file name="App.js" path="/Users/levijskal/Desktop/udemy.nosync/the-complete-junior-to-senior-web-developer-roadmap/robofriends/src/containers/App.js">
          <metrics statements="12" coveredstatements="0" conditionals="0" coveredconditionals="0" methods="5" coveredmethods="0"/>
          <line num="1" count="0" type="stmt"/>
          <line num="2" count="0" type="stmt"/>
          <line num="3" count="0" type="stmt"/>
          <line num="6" count="0" type="stmt"/>
          <line num="8" count="0" type="stmt"/>
          <line num="12" count="0" type="stmt"/>
          <line num="13" count="0" type="stmt"/>
          <line num="21" count="0" type="stmt"/>
          <line num="22" count="0" type="stmt"/>
          <line num="23" count="0" type="stmt"/>
          <line num="24" count="0" type="stmt"/>
          <line num="31" count="0" type="stmt"/>
        </file>
      </package>
    </metrics>
  </project>
</coverage>
