{"/Users/levijskal/Desktop/udemy.nosync/the-complete-junior-to-senior-web-developer-roadmap/robofriends/src/actions.js": {"path":"/Users/levijskal/Desktop/udemy.nosync/the-complete-junior-to-senior-web-developer-roadmap/robofriends/src/actions.js","statementMap":{"0":{"start":{"line":1,"column":0},"end":{"line":null,"column":-1}},"1":{"start":{"line":8,"column":30},"end":{"line":8,"column":7}},"2":{"start":{"line":9,"column":2},"end":{"line":null,"column":-1}},"3":{"start":{"line":15,"column":29},"end":{"line":15,"column":7}},"4":{"start":{"line":15,"column":35},"end":{"line":15,"column":7}},"5":{"start":{"line":16,"column":2},"end":{"line":null,"column":-1}},"6":{"start":{"line":17,"column":2},"end":{"line":null,"column":-1}},"7":{"start":{"line":18,"column":22},"end":{"line":17,"column":2}},"8":{"start":{"line":19,"column":18},"end":{"line":17,"column":2}},"9":{"start":{"line":20,"column":20},"end":{"line":17,"column":2}}},"fnMap":{"0":{"name":"(anonymous_0)","decl":{"start":{"line":8,"column":30},"end":{"line":8,"column":33}},"loc":{"start":{"line":8,"column":38},"end":{"line":8,"column":7}}},"1":{"name":"(anonymous_1)","decl":{"start":{"line":15,"column":29},"end":{"line":15,"column":34}},"loc":{"start":{"line":15,"column":35},"end":{"line":15,"column":7}}},"2":{"name":"(anonymous_2)","decl":{"start":{"line":15,"column":35},"end":{"line":15,"column":42}},"loc":{"start":{"line":15,"column":47},"end":{"line":15,"column":7}}},"3":{"name":"(anonymous_3)","decl":{"start":{"line":18,"column":10},"end":{"line":18,"column":17}},"loc":{"start":{"line":18,"column":22},"end":{"line":17,"column":2}}},"4":{"name":"(anonymous_4)","decl":{"start":{"line":19,"column":10},"end":{"line":19,"column":13}},"loc":{"start":{"line":19,"column":18},"end":{"line":17,"column":2}}},"5":{"name":"(anonymous_5)","decl":{"start":{"line":20,"column":11},"end":{"line":20,"column":15}},"loc":{"start":{"line":20,"column":20},"end":{"line":17,"column":2}}}},"branchMap":{},"s":{"0":0,"1":0,"2":0,"3":0,"4":0,"5":0,"6":0,"7":0,"8":0,"9":0},"f":{"0":0,"1":0,"2":0,"3":0,"4":0,"5":0},"b":{}}
,"/Users/levijskal/Desktop/udemy.nosync/the-complete-junior-to-senior-web-developer-roadmap/robofriends/src/constants.js": {"path":"/Users/levijskal/Desktop/udemy.nosync/the-complete-junior-to-senior-web-developer-roadmap/robofriends/src/constants.js","statementMap":{"0":{"start":{"line":1,"column":35},"end":{"line":1,"column":7}},"1":{"start":{"line":3,"column":38},"end":{"line":3,"column":7}},"2":{"start":{"line":4,"column":38},"end":{"line":4,"column":7}},"3":{"start":{"line":5,"column":37},"end":{"line":5,"column":7}}},"fnMap":{},"branchMap":{},"s":{"0":0,"1":0,"2":0,"3":0},"f":{},"b":{}}
,"/Users/levijskal/Desktop/udemy.nosync/the-complete-junior-to-senior-web-developer-roadmap/robofriends/src/index.js": {"path":"/Users/levijskal/Desktop/udemy.nosync/the-complete-junior-to-senior-web-developer-roadmap/robofriends/src/index.js","statementMap":{"0":{"start":{"line":1,"column":0},"end":{"line":null,"column":-1}},"1":{"start":{"line":2,"column":0},"end":{"line":null,"column":-1}},"2":{"start":{"line":3,"column":0},"end":{"line":null,"column":-1}},"3":{"start":{"line":4,"column":0},"end":{"line":null,"column":-1}},"4":{"start":{"line":5,"column":0},"end":{"line":null,"column":-1}},"5":{"start":{"line":6,"column":0},"end":{"line":null,"column":-1}},"6":{"start":{"line":7,"column":0},"end":{"line":null,"column":-1}},"7":{"start":{"line":8,"column":0},"end":{"line":null,"column":-1}},"8":{"start":{"line":9,"column":0},"end":{"line":null,"column":-1}},"9":{"start":{"line":10,"column":0},"end":{"line":null,"column":-1}},"10":{"start":{"line":11,"column":0},"end":{"line":null,"column":-1}},"11":{"start":{"line":13,"column":15},"end":{"line":13,"column":0}},"12":{"start":{"line":15,"column":20},"end":{"line":15,"column":0}},"13":{"start":{"line":16,"column":14},"end":{"line":16,"column":0}},"14":{"start":{"line":31,"column":0},"end":{"line":null,"column":-1}}},"fnMap":{},"branchMap":{},"s":{"0":0,"1":0,"2":0,"3":0,"4":0,"5":0,"6":0,"7":0,"8":0,"9":0,"10":0,"11":0,"12":0,"13":0,"14":0},"f":{},"b":{}}
,"/Users/levijskal/Desktop/udemy.nosync/the-complete-junior-to-senior-web-developer-roadmap/robofriends/src/reducers.js": {"path":"/Users/levijskal/Desktop/udemy.nosync/the-complete-junior-to-senior-web-developer-roadmap/robofriends/src/reducers.js","statementMap":{"0":{"start":{"line":1,"column":0},"end":{"line":null,"column":-1}},"1":{"start":{"line":8,"column":27},"end":{"line":8,"column":0}},"2":{"start":{"line":12,"column":27},"end":{"line":12,"column":0}},"3":{"start":{"line":18,"column":28},"end":{"line":18,"column":7}},"4":{"start":{"line":19,"column":2},"end":{"line":null,"column":-1}},"5":{"start":{"line":21,"column":6},"end":{"line":null,"column":-1}},"6":{"start":{"line":23,"column":6},"end":{"line":null,"column":-1}},"7":{"start":{"line":27,"column":29},"end":{"line":27,"column":7}},"8":{"start":{"line":28,"column":2},"end":{"line":null,"column":-1}},"9":{"start":{"line":30,"column":6},"end":{"line":null,"column":-1}},"10":{"start":{"line":32,"column":6},"end":{"line":null,"column":-1}},"11":{"start":{"line":37,"column":6},"end":{"line":null,"column":-1}},"12":{"start":{"line":42,"column":6},"end":{"line":null,"column":-1}}},"fnMap":{"0":{"name":"(anonymous_0)","decl":{"start":{"line":18,"column":28},"end":{"line":18,"column":29}},"loc":{"start":{"line":18,"column":73},"end":{"line":18,"column":7}}},"1":{"name":"(anonymous_1)","decl":{"start":{"line":27,"column":29},"end":{"line":27,"column":30}},"loc":{"start":{"line":27,"column":74},"end":{"line":27,"column":7}}}},"branchMap":{"0":{"loc":{"start":{"line":18,"column":37},"end":{"line":18,"column":28}},"type":"default-arg","locations":[{"start":{"line":18,"column":37},"end":{"line":18,"column":28}}]},"1":{"loc":{"start":{"line":18,"column":66},"end":{"line":18,"column":28}},"type":"default-arg","locations":[{"start":{"line":18,"column":66},"end":{"line":18,"column":28}}]},"2":{"loc":{"start":{"line":20,"column":4},"end":{"line":21,"column":6}},"type":"switch","locations":[{"start":{"line":20,"column":4},"end":{"line":21,"column":6}},{"start":{"line":22,"column":4},"end":{"line":23,"column":6}}]},"3":{"loc":{"start":{"line":27,"column":38},"end":{"line":27,"column":29}},"type":"default-arg","locations":[{"start":{"line":27,"column":38},"end":{"line":27,"column":29}}]},"4":{"loc":{"start":{"line":27,"column":67},"end":{"line":27,"column":29}},"type":"default-arg","locations":[{"start":{"line":27,"column":67},"end":{"line":27,"column":29}}]},"5":{"loc":{"start":{"line":29,"column":4},"end":{"line":30,"column":6}},"type":"switch","locations":[{"start":{"line":29,"column":4},"end":{"line":30,"column":6}},{"start":{"line":31,"column":4},"end":{"line":32,"column":6}},{"start":{"line":36,"column":4},"end":{"line":37,"column":6}},{"start":{"line":41,"column":4},"end":{"line":42,"column":6}}]}},"s":{"0":0,"1":0,"2":0,"3":0,"4":0,"5":0,"6":0,"7":0,"8":0,"9":0,"10":0,"11":0,"12":0},"f":{"0":0,"1":0},"b":{"0":[0],"1":[0],"2":[0,0],"3":[0],"4":[0],"5":[0,0,0,0]}}
,"/Users/levijskal/Desktop/udemy.nosync/the-complete-junior-to-senior-web-developer-roadmap/robofriends/src/robots.js": {"path":"/Users/levijskal/Desktop/udemy.nosync/the-complete-junior-to-senior-web-developer-roadmap/robofriends/src/robots.js","statementMap":{"0":{"start":{"line":1,"column":22},"end":{"line":1,"column":7}}},"fnMap":{},"branchMap":{},"s":{"0":0},"f":{},"b":{}}
,"/Users/levijskal/Desktop/udemy.nosync/the-complete-junior-to-senior-web-developer-roadmap/robofriends/src/serviceWorker.js": {"path":"/Users/levijskal/Desktop/udemy.nosync/the-complete-junior-to-senior-web-developer-roadmap/robofriends/src/serviceWorker.js","statementMap":{"0":{"start":{"line":13,"column":20},"end":{"line":13,"column":0}},"1":{"start":{"line":24,"column":2},"end":{"line":54,"column":3}},"2":{"start":{"line":26,"column":22},"end":{"line":26,"column":4}},"3":{"start":{"line":27,"column":4},"end":{"line":32,"column":5}},"4":{"start":{"line":31,"column":6},"end":{"line":null,"column":-1}},"5":{"start":{"line":34,"column":4},"end":{"line":null,"column":-1}},"6":{"start":{"line":35,"column":21},"end":{"line":35,"column":6}},"7":{"start":{"line":37,"column":6},"end":{"line":52,"column":7}},"8":{"start":{"line":39,"column":8},"end":{"line":37,"column":23}},"9":{"start":{"line":43,"column":8},"end":{"line":null,"column":-1}},"10":{"start":{"line":44,"column":10},"end":{"line":null,"column":-1}},"11":{"start":{"line":51,"column":8},"end":{"line":null,"column":-1}},"12":{"start":{"line":58,"column":2},"end":{"line":null,"column":-1}},"13":{"start":{"line":61,"column":6},"end":{"line":null,"column":-1}},"14":{"start":{"line":62,"column":33},"end":{"line":62,"column":8}},"15":{"start":{"line":63,"column":8},"end":{"line":65,"column":9}},"16":{"start":{"line":64,"column":10},"end":{"line":null,"column":-1}},"17":{"start":{"line":66,"column":8},"end":{"line":null,"column":-1}},"18":{"start":{"line":67,"column":10},"end":{"line":92,"column":11}},"19":{"start":{"line":68,"column":12},"end":{"line":91,"column":13}},"20":{"start":{"line":72,"column":14},"end":{"line":68,"column":52}},"21":{"start":{"line":78,"column":14},"end":{"line":80,"column":15}},"22":{"start":{"line":79,"column":16},"end":{"line":null,"column":-1}},"23":{"start":{"line":85,"column":14},"end":{"line":81,"column":19}},"24":{"start":{"line":88,"column":14},"end":{"line":90,"column":15}},"25":{"start":{"line":89,"column":16},"end":{"line":null,"column":-1}},"26":{"start":{"line":97,"column":6},"end":{"line":null,"column":-1}},"27":{"start":{"line":103,"column":2},"end":{"line":null,"column":-1}},"28":{"start":{"line":106,"column":26},"end":{"line":106,"column":6}},"29":{"start":{"line":107,"column":6},"end":{"line":120,"column":7}},"30":{"start":{"line":112,"column":8},"end":{"line":null,"column":-1}},"31":{"start":{"line":113,"column":10},"end":{"line":null,"column":-1}},"32":{"start":{"line":114,"column":12},"end":{"line":null,"column":-1}},"33":{"start":{"line":119,"column":8},"end":{"line":null,"column":-1}},"34":{"start":{"line":123,"column":6},"end":{"line":null,"column":-1}},"35":{"start":{"line":130,"column":2},"end":{"line":134,"column":3}},"36":{"start":{"line":131,"column":4},"end":{"line":null,"column":-1}},"37":{"start":{"line":132,"column":6},"end":{"line":null,"column":-1}}},"fnMap":{"0":{"name":"register","decl":{"start":{"line":23,"column":16},"end":{"line":23,"column":7}},"loc":{"start":{"line":23,"column":33},"end":{"line":55,"column":1}}},"1":{"name":"(anonymous_1)","decl":{"start":{"line":34,"column":36},"end":{"line":34,"column":41}},"loc":{"start":{"line":34,"column":42},"end":{"line":34,"column":4}}},"2":{"name":"(anonymous_2)","decl":{"start":{"line":43,"column":43},"end":{"line":43,"column":48}},"loc":{"start":{"line":43,"column":49},"end":{"line":43,"column":8}}},"3":{"name":"registerValidSW","decl":{"start":{"line":57,"column":9},"end":{"line":57,"column":0}},"loc":{"start":{"line":57,"column":40},"end":{"line":99,"column":1}}},"4":{"name":"(anonymous_4)","decl":{"start":{"line":60,"column":10},"end":{"line":60,"column":21}},"loc":{"start":{"line":60,"column":26},"end":{"line":58,"column":2}}},"5":{"name":"(anonymous_5)","decl":{"start":{"line":61,"column":35},"end":{"line":61,"column":40}},"loc":{"start":{"line":61,"column":41},"end":{"line":61,"column":6}}},"6":{"name":"(anonymous_6)","decl":{"start":{"line":66,"column":41},"end":{"line":66,"column":46}},"loc":{"start":{"line":66,"column":47},"end":{"line":66,"column":8}}},"7":{"name":"(anonymous_7)","decl":{"start":{"line":96,"column":11},"end":{"line":96,"column":15}},"loc":{"start":{"line":96,"column":20},"end":{"line":58,"column":2}}},"8":{"name":"checkValidServiceWorker","decl":{"start":{"line":101,"column":9},"end":{"line":101,"column":0}},"loc":{"start":{"line":101,"column":48},"end":{"line":127,"column":1}}},"9":{"name":"(anonymous_9)","decl":{"start":{"line":104,"column":10},"end":{"line":104,"column":17}},"loc":{"start":{"line":104,"column":22},"end":{"line":103,"column":2}}},"10":{"name":"(anonymous_10)","decl":{"start":{"line":112,"column":43},"end":{"line":112,"column":54}},"loc":{"start":{"line":112,"column":59},"end":{"line":112,"column":8}}},"11":{"name":"(anonymous_11)","decl":{"start":{"line":113,"column":41},"end":{"line":113,"column":46}},"loc":{"start":{"line":113,"column":47},"end":{"line":113,"column":10}}},"12":{"name":"(anonymous_12)","decl":{"start":{"line":122,"column":11},"end":{"line":122,"column":16}},"loc":{"start":{"line":122,"column":17},"end":{"line":103,"column":2}}},"13":{"name":"unregister","decl":{"start":{"line":129,"column":16},"end":{"line":129,"column":7}},"loc":{"start":{"line":129,"column":29},"end":{"line":135,"column":1}}},"14":{"name":"(anonymous_14)","decl":{"start":{"line":131,"column":39},"end":{"line":131,"column":50}},"loc":{"start":{"line":131,"column":55},"end":{"line":131,"column":4}}}},"branchMap":{"0":{"loc":{"start":{"line":14,"column":2},"end":{"line":14,"column":1}},"type":"binary-expr","locations":[{"start":{"line":14,"column":2},"end":{"line":14,"column":1}},{"start":{"line":16,"column":4},"end":{"line":14,"column":2}},{"start":{"line":18,"column":4},"end":{"line":13,"column":27}}]},"1":{"loc":{"start":{"line":24,"column":2},"end":{"line":54,"column":3}},"type":"if","locations":[{"start":{"line":24,"column":2},"end":{"line":54,"column":3}},{"start":{"line":24,"column":2},"end":{"line":54,"column":3}}]},"2":{"loc":{"start":{"line":24,"column":6},"end":{"line":24,"column":5}},"type":"binary-expr","locations":[{"start":{"line":24,"column":6},"end":{"line":24,"column":5}},{"start":{"line":24,"column":47},"end":{"line":24,"column":2}}]},"3":{"loc":{"start":{"line":27,"column":4},"end":{"line":32,"column":5}},"type":"if","locations":[{"start":{"line":27,"column":4},"end":{"line":32,"column":5}},{"start":{"line":27,"column":4},"end":{"line":32,"column":5}}]},"4":{"loc":{"start":{"line":37,"column":6},"end":{"line":52,"column":7}},"type":"if","locations":[{"start":{"line":37,"column":6},"end":{"line":52,"column":7}},{"start":{"line":37,"column":6},"end":{"line":52,"column":7}}]},"5":{"loc":{"start":{"line":63,"column":8},"end":{"line":65,"column":9}},"type":"if","locations":[{"start":{"line":63,"column":8},"end":{"line":65,"column":9}},{"start":{"line":63,"column":8},"end":{"line":65,"column":9}}]},"6":{"loc":{"start":{"line":67,"column":10},"end":{"line":92,"column":11}},"type":"if","locations":[{"start":{"line":67,"column":10},"end":{"line":92,"column":11}},{"start":{"line":67,"column":10},"end":{"line":92,"column":11}}]},"7":{"loc":{"start":{"line":68,"column":12},"end":{"line":91,"column":13}},"type":"if","locations":[{"start":{"line":68,"column":12},"end":{"line":91,"column":13}},{"start":{"line":68,"column":12},"end":{"line":91,"column":13}}]},"8":{"loc":{"start":{"line":78,"column":14},"end":{"line":80,"column":15}},"type":"if","locations":[{"start":{"line":78,"column":14},"end":{"line":80,"column":15}},{"start":{"line":78,"column":14},"end":{"line":80,"column":15}}]},"9":{"loc":{"start":{"line":78,"column":18},"end":{"line":78,"column":24}},"type":"binary-expr","locations":[{"start":{"line":78,"column":18},"end":{"line":78,"column":24}},{"start":{"line":78,"column":28},"end":{"line":78,"column":14}}]},"10":{"loc":{"start":{"line":88,"column":14},"end":{"line":90,"column":15}},"type":"if","locations":[{"start":{"line":88,"column":14},"end":{"line":90,"column":15}},{"start":{"line":88,"column":14},"end":{"line":90,"column":15}}]},"11":{"loc":{"start":{"line":88,"column":18},"end":{"line":88,"column":24}},"type":"binary-expr","locations":[{"start":{"line":88,"column":18},"end":{"line":88,"column":24}},{"start":{"line":88,"column":28},"end":{"line":88,"column":14}}]},"12":{"loc":{"start":{"line":107,"column":6},"end":{"line":120,"column":7}},"type":"if","locations":[{"start":{"line":107,"column":6},"end":{"line":120,"column":7}},{"start":{"line":107,"column":6},"end":{"line":120,"column":7}}]},"13":{"loc":{"start":{"line":108,"column":8},"end":{"line":108,"column":7}},"type":"binary-expr","locations":[{"start":{"line":108,"column":8},"end":{"line":108,"column":7}},{"start":{"line":109,"column":9},"end":{"line":109,"column":8}},{"start":{"line":109,"column":32},"end":{"line":107,"column":6}}]},"14":{"loc":{"start":{"line":130,"column":2},"end":{"line":134,"column":3}},"type":"if","locations":[{"start":{"line":130,"column":2},"end":{"line":134,"column":3}},{"start":{"line":130,"column":2},"end":{"line":134,"column":3}}]}},"s":{"0":0,"1":0,"2":0,"3":0,"4":0,"5":0,"6":0,"7":0,"8":0,"9":0,"10":0,"11":0,"12":0,"13":0,"14":0,"15":0,"16":0,"17":0,"18":0,"19":0,"20":0,"21":0,"22":0,"23":0,"24":0,"25":0,"26":0,"27":0,"28":0,"29":0,"30":0,"31":0,"32":0,"33":0,"34":0,"35":0,"36":0,"37":0},"f":{"0":0,"1":0,"2":0,"3":0,"4":0,"5":0,"6":0,"7":0,"8":0,"9":0,"10":0,"11":0,"12":0,"13":0,"14":0},"b":{"0":[0,0,0],"1":[0,0],"2":[0,0],"3":[0,0],"4":[0,0],"5":[0,0],"6":[0,0],"7":[0,0],"8":[0,0],"9":[0,0],"10":[0,0],"11":[0,0],"12":[0,0],"13":[0,0,0],"14":[0,0]}}
,"/Users/levijskal/Desktop/udemy.nosync/the-complete-junior-to-senior-web-developer-roadmap/robofriends/src/setUptests.js": {"path":"/Users/levijskal/Desktop/udemy.nosync/the-complete-junior-to-senior-web-developer-roadmap/robofriends/src/setUptests.js","statementMap":{"0":{"start":{"line":4,"column":0},"end":{"line":4,"column":38}}},"fnMap":{},"branchMap":{},"s":{"0":4},"f":{},"b":{},"_coverageSchema":"332fd63041d2c1bcb487cc26dd0d5f7d97098a6c","hash":"a5efdadc307ce61f552a0270dc134e46b70f6730"}
,"/Users/levijskal/Desktop/udemy.nosync/the-complete-junior-to-senior-web-developer-roadmap/robofriends/src/components/Card.js": {"path":"/Users/levijskal/Desktop/udemy.nosync/the-complete-junior-to-senior-web-developer-roadmap/robofriends/src/components/Card.js","statementMap":{"0":{"start":{"line":3,"column":13},"end":{"line":13,"column":1}},"1":{"start":{"line":4,"column":2},"end":{"line":12,"column":4}}},"fnMap":{"0":{"name":"(anonymous_0)","decl":{"start":{"line":3,"column":13},"end":{"line":3,"column":14}},"loc":{"start":{"line":3,"column":38},"end":{"line":13,"column":1}},"line":3}},"branchMap":{},"s":{"0":3,"1":1},"f":{"0":1},"b":{},"_coverageSchema":"332fd63041d2c1bcb487cc26dd0d5f7d97098a6c","hash":"294533190e44e583fe3ecd49c60bd108731e14f7"}
,"/Users/levijskal/Desktop/udemy.nosync/the-complete-junior-to-senior-web-developer-roadmap/robofriends/src/components/CardList.js": {"path":"/Users/levijskal/Desktop/udemy.nosync/the-complete-junior-to-senior-web-developer-roadmap/robofriends/src/components/CardList.js","statementMap":{"0":{"start":{"line":4,"column":17},"end":{"line":22,"column":1}},"1":{"start":{"line":8,"column":2},"end":{"line":21,"column":4}},"2":{"start":{"line":11,"column":8},"end":{"line":18,"column":10}}},"fnMap":{"0":{"name":"(anonymous_0)","decl":{"start":{"line":4,"column":17},"end":{"line":4,"column":18}},"loc":{"start":{"line":4,"column":33},"end":{"line":22,"column":1}},"line":4},"1":{"name":"(anonymous_1)","decl":{"start":{"line":10,"column":18},"end":{"line":10,"column":19}},"loc":{"start":{"line":10,"column":31},"end":{"line":19,"column":7}},"line":10}},"branchMap":{},"s":{"0":2,"1":1,"2":1},"f":{"0":1,"1":1},"b":{},"_coverageSchema":"332fd63041d2c1bcb487cc26dd0d5f7d97098a6c","hash":"f339b95be0c476df8934fe4842695d05a99cd88f"}
,"/Users/levijskal/Desktop/udemy.nosync/the-complete-junior-to-senior-web-developer-roadmap/robofriends/src/components/CounterButton.js": {"path":"/Users/levijskal/Desktop/udemy.nosync/the-complete-junior-to-senior-web-developer-roadmap/robofriends/src/components/CounterButton.js","statementMap":{"0":{"start":{"line":5,"column":3},"end":{"line":5,"column":10}},"1":{"start":{"line":6,"column":3},"end":{"line":8,"column":4}},"2":{"start":{"line":11,"column":3},"end":{"line":15,"column":4}},"3":{"start":{"line":12,"column":4},"end":{"line":12,"column":15}},"4":{"start":{"line":14,"column":4},"end":{"line":14,"column":16}},"5":{"start":{"line":18,"column":3},"end":{"line":18,"column":49}},"6":{"start":{"line":21,"column":0},"end":{"line":25,"column":2}}},"fnMap":{"0":{"name":"(anonymous_0)","decl":{"start":{"line":4,"column":2},"end":{"line":4,"column":3}},"loc":{"start":{"line":4,"column":16},"end":{"line":9,"column":3}},"line":4},"1":{"name":"(anonymous_1)","decl":{"start":{"line":10,"column":2},"end":{"line":10,"column":3}},"loc":{"start":{"line":10,"column":46},"end":{"line":16,"column":3}},"line":10},"2":{"name":"(anonymous_2)","decl":{"start":{"line":17,"column":16},"end":{"line":17,"column":17}},"loc":{"start":{"line":17,"column":22},"end":{"line":19,"column":3}},"line":17},"3":{"name":"(anonymous_3)","decl":{"start":{"line":20,"column":1},"end":{"line":20,"column":2}},"loc":{"start":{"line":20,"column":10},"end":{"line":26,"column":2}},"line":20}},"branchMap":{"0":{"loc":{"start":{"line":11,"column":3},"end":{"line":15,"column":4}},"type":"if","locations":[{"start":{"line":11,"column":3},"end":{"line":15,"column":4}},{"start":{"line":11,"column":3},"end":{"line":15,"column":4}}],"line":11}},"s":{"0":2,"1":2,"2":3,"3":3,"4":0,"5":3,"6":5},"f":{"0":2,"1":3,"2":3,"3":5},"b":{"0":[3,0]},"_coverageSchema":"332fd63041d2c1bcb487cc26dd0d5f7d97098a6c","hash":"47df2b7e3106cc8cfb5e8dadd51eb9b251aeb3c6"}
,"/Users/levijskal/Desktop/udemy.nosync/the-complete-junior-to-senior-web-developer-roadmap/robofriends/src/components/ErrorBoundry.js": {"path":"/Users/levijskal/Desktop/udemy.nosync/the-complete-junior-to-senior-web-developer-roadmap/robofriends/src/components/ErrorBoundry.js","statementMap":{"0":{"start":{"line":6,"column":4},"end":{"line":6,"column":17}},"1":{"start":{"line":8,"column":4},"end":{"line":10,"column":6}},"2":{"start":{"line":14,"column":4},"end":{"line":16,"column":7}},"3":{"start":{"line":20,"column":4},"end":{"line":22,"column":5}},"4":{"start":{"line":21,"column":6},"end":{"line":21,"column":48}},"5":{"start":{"line":23,"column":4},"end":{"line":23,"column":31}}},"fnMap":{"0":{"name":"(anonymous_0)","decl":{"start":{"line":5,"column":2},"end":{"line":5,"column":3}},"loc":{"start":{"line":5,"column":21},"end":{"line":11,"column":3}},"line":5},"1":{"name":"(anonymous_1)","decl":{"start":{"line":13,"column":2},"end":{"line":13,"column":3}},"loc":{"start":{"line":13,"column":33},"end":{"line":17,"column":3}},"line":13},"2":{"name":"(anonymous_2)","decl":{"start":{"line":19,"column":2},"end":{"line":19,"column":3}},"loc":{"start":{"line":19,"column":11},"end":{"line":24,"column":3}},"line":19}},"branchMap":{"0":{"loc":{"start":{"line":20,"column":4},"end":{"line":22,"column":5}},"type":"if","locations":[{"start":{"line":20,"column":4},"end":{"line":22,"column":5}},{"start":{"line":20,"column":4},"end":{"line":22,"column":5}}],"line":20}},"s":{"0":0,"1":0,"2":0,"3":0,"4":0,"5":0},"f":{"0":0,"1":0,"2":0},"b":{"0":[0,0]},"_coverageSchema":"332fd63041d2c1bcb487cc26dd0d5f7d97098a6c","hash":"33431f48547d3de3f1ea02bf903cc3dc5b76e1b4"}
,"/Users/levijskal/Desktop/udemy.nosync/the-complete-junior-to-senior-web-developer-roadmap/robofriends/src/components/Header.js": {"path":"/Users/levijskal/Desktop/udemy.nosync/the-complete-junior-to-senior-web-developer-roadmap/robofriends/src/components/Header.js","statementMap":{"0":{"start":{"line":6,"column":3},"end":{"line":6,"column":16}},"1":{"start":{"line":9,"column":0},"end":{"line":14,"column":9}}},"fnMap":{"0":{"name":"(anonymous_0)","decl":{"start":{"line":5,"column":2},"end":{"line":5,"column":3}},"loc":{"start":{"line":5,"column":46},"end":{"line":7,"column":3}},"line":5},"1":{"name":"(anonymous_1)","decl":{"start":{"line":8,"column":1},"end":{"line":8,"column":2}},"loc":{"start":{"line":8,"column":10},"end":{"line":15,"column":2}},"line":8}},"branchMap":{},"s":{"0":0,"1":0},"f":{"0":0,"1":0},"b":{},"_coverageSchema":"332fd63041d2c1bcb487cc26dd0d5f7d97098a6c","hash":"197b2ae67461cbecc7fc5c75d343bd0e76b027aa"}
,"/Users/levijskal/Desktop/udemy.nosync/the-complete-junior-to-senior-web-developer-roadmap/robofriends/src/components/MainPage.js": {"path":"/Users/levijskal/Desktop/udemy.nosync/the-complete-junior-to-senior-web-developer-roadmap/robofriends/src/components/MainPage.js","statementMap":{"0":{"start":{"line":14,"column":4},"end":{"line":14,"column":33}},"1":{"start":{"line":18,"column":4},"end":{"line":20,"column":7}},"2":{"start":{"line":19,"column":6},"end":{"line":19,"column":85}},"3":{"start":{"line":22,"column":51},"end":{"line":22,"column":61}},"4":{"start":{"line":24,"column":4},"end":{"line":36,"column":6}}},"fnMap":{"0":{"name":"(anonymous_0)","decl":{"start":{"line":13,"column":2},"end":{"line":13,"column":3}},"loc":{"start":{"line":13,"column":22},"end":{"line":15,"column":3}},"line":13},"1":{"name":"(anonymous_1)","decl":{"start":{"line":17,"column":15},"end":{"line":17,"column":16}},"loc":{"start":{"line":17,"column":22},"end":{"line":20,"column":8}},"line":17},"2":{"name":"(anonymous_2)","decl":{"start":{"line":18,"column":36},"end":{"line":18,"column":37}},"loc":{"start":{"line":18,"column":45},"end":{"line":20,"column":5}},"line":18},"3":{"name":"(anonymous_3)","decl":{"start":{"line":21,"column":2},"end":{"line":21,"column":3}},"loc":{"start":{"line":21,"column":11},"end":{"line":37,"column":3}},"line":21}},"branchMap":{"0":{"loc":{"start":{"line":24,"column":11},"end":{"line":36,"column":5}},"type":"cond-expr","locations":[{"start":{"line":25,"column":6},"end":{"line":25,"column":22}},{"start":{"line":27,"column":6},"end":{"line":35,"column":12}}],"line":24}},"s":{"0":5,"1":2,"2":2,"3":5,"4":5},"f":{"0":5,"1":2,"2":2,"3":5},"b":{"0":[5,0]},"_coverageSchema":"332fd63041d2c1bcb487cc26dd0d5f7d97098a6c","hash":"54afda8f3557d71f3be13f62f0f81648d0676925"}
,"/Users/levijskal/Desktop/udemy.nosync/the-complete-junior-to-senior-web-developer-roadmap/robofriends/src/components/Scroll.js": {"path":"/Users/levijskal/Desktop/udemy.nosync/the-complete-junior-to-senior-web-developer-roadmap/robofriends/src/components/Scroll.js","statementMap":{"0":{"start":{"line":3,"column":15},"end":{"line":15,"column":1}},"1":{"start":{"line":4,"column":2},"end":{"line":14,"column":4}}},"fnMap":{"0":{"name":"(anonymous_0)","decl":{"start":{"line":3,"column":15},"end":{"line":3,"column":16}},"loc":{"start":{"line":3,"column":24},"end":{"line":15,"column":1}},"line":3}},"branchMap":{},"s":{"0":1,"1":0},"f":{"0":0},"b":{},"_coverageSchema":"332fd63041d2c1bcb487cc26dd0d5f7d97098a6c","hash":"3fc9eb8727fa9b538ced976cf8cac0ae400c969f"}
,"/Users/levijskal/Desktop/udemy.nosync/the-complete-junior-to-senior-web-developer-roadmap/robofriends/src/components/SearchBox.js": {"path":"/Users/levijskal/Desktop/udemy.nosync/the-complete-junior-to-senior-web-developer-roadmap/robofriends/src/components/SearchBox.js","statementMap":{"0":{"start":{"line":3,"column":18},"end":{"line":14,"column":1}},"1":{"start":{"line":4,"column":2},"end":{"line":13,"column":4}}},"fnMap":{"0":{"name":"(anonymous_0)","decl":{"start":{"line":3,"column":18},"end":{"line":3,"column":19}},"loc":{"start":{"line":3,"column":53},"end":{"line":14,"column":1}},"line":3}},"branchMap":{},"s":{"0":1,"1":0},"f":{"0":0},"b":{},"_coverageSchema":"332fd63041d2c1bcb487cc26dd0d5f7d97098a6c","hash":"acfd3c17b8753fd1ebcd1674f6c88bd494773cad"}
,"/Users/levijskal/Desktop/udemy.nosync/the-complete-junior-to-senior-web-developer-roadmap/robofriends/src/containers/App.js": {"path":"/Users/levijskal/Desktop/udemy.nosync/the-complete-junior-to-senior-web-developer-roadmap/robofriends/src/containers/App.js","statementMap":{"0":{"start":{"line":1,"column":0},"end":{"line":null,"column":-1}},"1":{"start":{"line":2,"column":0},"end":{"line":null,"column":-1}},"2":{"start":{"line":3,"column":0},"end":{"line":null,"column":-1}},"3":{"start":{"line":6,"column":0},"end":{"line":null,"column":-1}},"4":{"start":{"line":8,"column":0},"end":{"line":null,"column":-1}},"5":{"start":{"line":12,"column":24},"end":{"line":12,"column":0}},"6":{"start":{"line":13,"column":2},"end":{"line":null,"column":-1}},"7":{"start":{"line":21,"column":27},"end":{"line":21,"column":0}},"8":{"start":{"line":22,"column":2},"end":{"line":null,"column":-1}},"9":{"start":{"line":23,"column":29},"end":{"line":22,"column":9}},"10":{"start":{"line":24,"column":27},"end":{"line":24,"column":35}},"11":{"start":{"line":31,"column":4},"end":{"line":null,"column":-1}}},"fnMap":{"0":{"name":"(anonymous_0)","decl":{"start":{"line":12,"column":24},"end":{"line":12,"column":28}},"loc":{"start":{"line":12,"column":33},"end":{"line":12,"column":0}}},"1":{"name":"(anonymous_1)","decl":{"start":{"line":21,"column":27},"end":{"line":21,"column":34}},"loc":{"start":{"line":21,"column":39},"end":{"line":21,"column":0}}},"2":{"name":"(anonymous_2)","decl":{"start":{"line":23,"column":20},"end":{"line":23,"column":24}},"loc":{"start":{"line":23,"column":29},"end":{"line":22,"column":9}}},"3":{"name":"(anonymous_3)","decl":{"start":{"line":24,"column":21},"end":{"line":24,"column":26}},"loc":{"start":{"line":24,"column":27},"end":{"line":24,"column":35}}},"4":{"name":"(anonymous_4)","decl":{"start":{"line":30,"column":2},"end":{"line":30,"column":7}},"loc":{"start":{"line":30,"column":11},"end":{"line":32,"column":3}}}},"branchMap":{},"s":{"0":0,"1":0,"2":0,"3":0,"4":0,"5":0,"6":0,"7":0,"8":0,"9":0,"10":0,"11":0},"f":{"0":0,"1":0,"2":0,"3":0,"4":0},"b":{}}
}
